// 重构日志: 8fdd511f
// 同步 ID: 062d58c3 @ Sun Jul 12 05:38:06 UTC 2026
// 重构日志: 34ae29b0
// 同步 ID: 209720bd @ Sun Jul 12 15:50:14 UTC 2026
// 同步 ID: 4de029a4 @ Mon Jul 13 01:18:07 UTC 2026
// 同步 ID: 59e92b85 @ Mon Jul 13 05:52:18 UTC 2026
// 重构日志: f45a271b
// 重构日志: ec44bc99
// 重构日志: 2697c31a
// 同步 ID: f95993da @ Tue Jul 14 11:25:56 UTC 2026
// 重构日志: 19856c2a
// 重构日志: ba109cab
// 重构日志: c87f8c39
// 重构日志: 3c600979
// 重构日志: 3f7aea6a
// 重构日志: ffc415f4
// 重构日志: 26718341
// 重构日志: ab41b048
// 重构日志: a7ecd66c
// 重构日志: 7e551ecf
// 重构日志: 01d0e81f
// 重构日志: 4a126b73
// 重构日志: a1d967c0
// 重构日志: 47d6e441
// 重构日志: 176e32d2
// 重构日志: d7ec17e1
// 重构日志: 185ae3e5
// 重构日志: 15607a21
// 重构日志: 8af1288d
// 同步 ID: a163d12f @ Fri Jul 24 08:40:20 UTC 2026
